<?xml version="1.0" encoding="UTF-8" ?>
<testsuite tests="1" failures="0" name="subproject.DemoTest" time="0.06" errors="0" skipped="0">
  <properties>
    <property name="java.runtime.name" value="Java(TM) SE Runtime Environment"/>
    <property name="CORONA_HOME" value="/Users/nilesh/nilesh/source_codes/git/java/githubdemofolder/githubdemo/analyser/src/main"/>
    <property name="sun.boot.library.path" value="/Library/Java/JavaVirtualMachines/jdk1.8.0_351.jdk/Contents/Home/jre/lib"/>
    <property name="java.vm.version" value="25.351-b10"/>
    <property name="gopherProxySet" value="false"/>
    <property name="java.vm.vendor" value="Oracle Corporation"/>
    <property name="java.vendor.url" value="http://java.oracle.com/"/>
    <property name="path.separator" value=":"/>
    <property name="java.vm.name" value="Java HotSpot(TM) 64-Bit Server VM"/>
    <property name="file.encoding.pkg" value="sun.io"/>
    <property name="user.country" value="IN"/>
    <property name="sun.java.launcher" value="SUN_STANDARD"/>
    <property name="sun.os.patch.level" value="unknown"/>
    <property name="java.vm.specification.name" value="Java Virtual Machine Specification"/>
    <property name="user.dir" value="/Users/nilesh/nilesh/source_codes/git/java/githubdemofolder/githubdemo/subproject"/>
    <property name="java.runtime.version" value="1.8.0_351-b10"/>
    <property name="java.awt.graphicsenv" value="sun.awt.CGraphicsEnvironment"/>
    <property name="basedir" value="/Users/nilesh/nilesh/source_codes/git/java/githubdemofolder/githubdemo/subproject"/>
    <property name="java.endorsed.dirs" value="/Library/Java/JavaVirtualMachines/jdk1.8.0_351.jdk/Contents/Home/jre/lib/endorsed"/>
    <property name="os.arch" value="x86_64"/>
    <property name="surefire.real.class.path" value="/var/folders/2n/7pczc58s4jn8vyyy20vz1ms40000gq/T/surefirebooter4602887122379894289.jar"/>
    <property name="java.io.tmpdir" value="/var/folders/2n/7pczc58s4jn8vyyy20vz1ms40000gq/T/"/>
    <property name="line.separator" value="
"/>
    <property name="java.vm.specification.vendor" value="Oracle Corporation"/>
    <property name="os.name" value="Mac OS X"/>
    <property name="sun.jnu.encoding" value="UTF-8"/>
    <property name="java.library.path" value="/Users/nilesh/Library/Java/Extensions:/Library/Java/Extensions:/Network/Library/Java/Extensions:/System/Library/Java/Extensions:/usr/lib/java:."/>
    <property name="surefire.test.class.path" value="/Users/nilesh/nilesh/source_codes/git/java/githubdemofolder/githubdemo/subproject/target/test-classes:/Users/nilesh/nilesh/source_codes/git/java/githubdemofolder/githubdemo/subproject/target/classes:/Users/nilesh/.m2/repository/junit/junit/4.5/junit-4.5.jar:"/>
    <property name="java.specification.name" value="Java Platform API Specification"/>
    <property name="java.class.version" value="52.0"/>
    <property name="sun.management.compiler" value="HotSpot 64-Bit Tiered Compilers"/>
    <property name="os.version" value="12.5.1"/>
    <property name="user.home" value="/Users/nilesh"/>
    <property name="user.timezone" value=""/>
    <property name="java.awt.printerjob" value="sun.lwawt.macosx.CPrinterJob"/>
    <property name="java.specification.version" value="1.8"/>
    <property name="file.encoding" value="UTF-8"/>
    <property name="user.name" value="nilesh"/>
    <property name="java.class.path" value="/Users/nilesh/nilesh/source_codes/git/java/githubdemofolder/githubdemo/subproject/target/test-classes:/Users/nilesh/nilesh/source_codes/git/java/githubdemofolder/githubdemo/subproject/target/classes:/Users/nilesh/.m2/repository/junit/junit/4.5/junit-4.5.jar:"/>
    <property name="java.vm.specification.version" value="1.8"/>
    <property name="sun.arch.data.model" value="64"/>
    <property name="java.home" value="/Library/Java/JavaVirtualMachines/jdk1.8.0_351.jdk/Contents/Home/jre"/>
    <property name="sun.java.command" value="/var/folders/2n/7pczc58s4jn8vyyy20vz1ms40000gq/T/surefirebooter4602887122379894289.jar /var/folders/2n/7pczc58s4jn8vyyy20vz1ms40000gq/T/surefire6657674338844267124tmp /var/folders/2n/7pczc58s4jn8vyyy20vz1ms40000gq/T/surefire6689732799529120108tmp"/>
    <property name="java.specification.vendor" value="Oracle Corporation"/>
    <property name="user.language" value="en"/>
    <property name="awt.toolkit" value="sun.lwawt.macosx.LWCToolkit"/>
    <property name="java.vm.info" value="mixed mode"/>
    <property name="java.version" value="1.8.0_351"/>
    <property name="java.ext.dirs" value="/Users/nilesh/Library/Java/Extensions:/Library/Java/JavaVirtualMachines/jdk1.8.0_351.jdk/Contents/Home/jre/lib/ext:/Library/Java/Extensions:/Network/Library/Java/Extensions:/System/Library/Java/Extensions:/usr/lib/java"/>
    <property name="sun.boot.class.path" value="/Library/Java/JavaVirtualMachines/jdk1.8.0_351.jdk/Contents/Home/jre/lib/resources.jar:/Library/Java/JavaVirtualMachines/jdk1.8.0_351.jdk/Contents/Home/jre/lib/rt.jar:/Library/Java/JavaVirtualMachines/jdk1.8.0_351.jdk/Contents/Home/jre/lib/jsse.jar:/Library/Java/JavaVirtualMachines/jdk1.8.0_351.jdk/Contents/Home/jre/lib/jce.jar:/Library/Java/JavaVirtualMachines/jdk1.8.0_351.jdk/Contents/Home/jre/lib/charsets.jar:/Library/Java/JavaVirtualMachines/jdk1.8.0_351.jdk/Contents/Home/jre/lib/jfr.jar:/Library/Java/JavaVirtualMachines/jdk1.8.0_351.jdk/Contents/Home/jre/classes"/>
    <property name="java.vendor" value="Oracle Corporation"/>
    <property name="java.specification.maintenance.version" value="4"/>
    <property name="localRepository" value="/Users/nilesh/.m2/repository"/>
    <property name="file.separator" value="/"/>
    <property name="java.vendor.url.bug" value="http://bugreport.sun.com/bugreport/"/>
    <property name="sun.cpu.endian" value="little"/>
    <property name="sun.io.unicode.encoding" value="UnicodeBig"/>
    <property name="sun.cpu.isalist" value=""/>
  </properties>
  <testcase classname="subproject.DemoTest" name="testObject" time="0.004"/>
</testsuite>